#
# There is insufficient memory for the Java Runtime Environment to continue.
# Native memory allocation (malloc) failed to allocate 1112496 bytes for Chunk::new
# Possible reasons:
#   The system is out of physical RAM or swap space
#   In 32 bit mode, the process size limit was hit
# Possible solutions:
#   Reduce memory load on the system
#   Increase physical memory or swap space
#   Check if swap backing store is full
#   Use 64 bit Java on a 64 bit OS
#   Decrease Java heap size (-Xmx/-Xms)
#   Decrease number of Java threads
#   Decrease Java thread stack sizes (-Xss)
#   Set larger code cache with -XX:ReservedCodeCacheSize=
# This output file may be truncated or incomplete.
#
#  Out of Memory Error (allocation.cpp:390), pid=5012, tid=0x00000000000013f0
#
# JRE version: OpenJDK Runtime Environment (8.0_76-b03) (build 1.8.0_76-release-b03)
# Java VM: OpenJDK 64-Bit Server VM (25.76-b03 mixed mode windows-amd64 compressed oops)
# Failed to write core dump. Minidumps are not enabled by default on client versions of Windows
#

---------------  T H R E A D  ---------------

Current thread (0x0000000015afe800):  JavaThread "C2 CompilerThread1" daemon [_thread_in_native, id=5104, stack(0x0000000017250000,0x0000000017350000)]

Stack: [0x0000000017250000,0x0000000017350000]
[error occurred during error reporting (printing stack bounds), id 0xc0000005]

Native frames: (J=compiled Java code, j=interpreted, Vv=VM code, C=native code)


Current CompileTask:
C2:  30066 9559       4       java.net.URLClassLoader$1::run (5 bytes)


---------------  P R O C E S S  ---------------

Java Threads: ( => current thread )
  0x000000001e368000 JavaThread "pool-8-thread-4" [_thread_blocked, id=7844, stack(0x00000000227e0000,0x00000000228e0000)]
  0x000000001e362800 JavaThread "pool-8-thread-3" [_thread_blocked, id=480, stack(0x00000000226e0000,0x00000000227e0000)]
  0x000000001e363800 JavaThread "pool-8-thread-2" [_thread_blocked, id=216, stack(0x00000000225e0000,0x00000000226e0000)]
  0x000000001e365800 JavaThread "pool-9-thread-1" [_thread_blocked, id=6536, stack(0x00000000224e0000,0x00000000225e0000)]
  0x000000001e367000 JavaThread "pool-8-thread-1" [_thread_blocked, id=4576, stack(0x00000000223e0000,0x00000000224e0000)]
  0x00000000190ce800 JavaThread "pool-7-thread-1" [_thread_in_native, id=7740, stack(0x00000000219e0000,0x0000000021ae0000)]
  0x00000000190d1000 JavaThread "pool-4-thread-2" [_thread_blocked, id=4704, stack(0x000000001f650000,0x000000001f750000)]
  0x00000000190cd000 JavaThread "pool-4-thread-1" [_thread_blocked, id=2724, stack(0x000000001f180000,0x000000001f280000)]
  0x00000000190d1800 JavaThread "pool-2-thread-1" [_thread_blocked, id=1088, stack(0x000000001f550000,0x000000001f650000)]
  0x00000000191f5000 JavaThread "File lock request listener" [_thread_in_native, id=5128, stack(0x000000001e030000,0x000000001e130000)]
  0x00000000188b0000 JavaThread "Stdin handler" [_thread_blocked, id=2572, stack(0x000000001a010000,0x000000001a110000)]
  0x00000000187b8000 JavaThread "Asynchronous log dispatcher for org.gradle.launcher.daemon.server.DefaultDaemonConnection@12e13aa0" [_thread_blocked, id=4824, stack(0x0000000019f10000,0x000000001a010000)]
  0x00000000188b2000 JavaThread "Daemon worker" [_thread_blocked, id=3016, stack(0x0000000019e10000,0x0000000019f10000)]
  0x0000000018879800 JavaThread "Cancel handler" [_thread_blocked, id=6200, stack(0x0000000019d10000,0x0000000019e10000)]
  0x0000000018859000 JavaThread "Handler for socket connection from /127.0.0.1:62241 to /127.0.0.1:62242" [_thread_in_native, id=7584, stack(0x0000000019c10000,0x0000000019d10000)]
  0x0000000018853000 JavaThread "Daemon" [_thread_blocked, id=8048, stack(0x0000000019b10000,0x0000000019c10000)]
  0x0000000018755000 JavaThread "pool-1-thread-1" [_thread_blocked, id=4948, stack(0x0000000019a10000,0x0000000019b10000)]
  0x000000001873a000 JavaThread "Incoming local TCP Connector on port 62241" [_thread_in_native, id=3036, stack(0x0000000018250000,0x0000000018350000)]
  0x0000000017473000 JavaThread "Service Thread" daemon [_thread_blocked, id=3612, stack(0x0000000017850000,0x0000000017950000)]
  0x0000000015b01800 JavaThread "C1 CompilerThread2" daemon [_thread_blocked, id=6196, stack(0x0000000017350000,0x0000000017450000)]
=>0x0000000015afe800 JavaThread "C2 CompilerThread1" daemon [_thread_in_native, id=5104, stack(0x0000000017250000,0x0000000017350000)]
  0x0000000015afb000 JavaThread "C2 CompilerThread0" daemon [_thread_in_native, id=3192, stack(0x0000000017150000,0x0000000017250000)]
  0x0000000015af9800 JavaThread "Attach Listener" daemon [_thread_blocked, id=7276, stack(0x0000000017050000,0x0000000017150000)]
  0x0000000015af8000 JavaThread "Signal Dispatcher" daemon [_thread_blocked, id=3380, stack(0x0000000016f50000,0x0000000017050000)]
  0x0000000015ae8800 JavaThread "Finalizer" daemon [_thread_blocked, id=6880, stack(0x0000000016d70000,0x0000000016e70000)]
  0x000000000217e800 JavaThread "Reference Handler" daemon [_thread_blocked, id=7076, stack(0x0000000016c70000,0x0000000016d70000)]
  0x0000000001dfe800 JavaThread "main" [_thread_blocked, id=6584, stack(0x0000000001f90000,0x0000000002090000)]

Other Threads:
  0x0000000015ac5800 VMThread [stack: 0x0000000016b70000,0x0000000016c70000] [id=5652]
  0x0000000017473800 WatcherThread [stack: 0x0000000017950000,0x0000000017a50000] [id=604]

VM state:not at safepoint (normal execution)

VM Mutex/Monitor currently owned by a thread: None

Heap:
 PSYoungGen      total 178176K, used 27836K [0x00000000e0000000, 0x00000000ec880000, 0x0000000100000000)
  eden space 157184K, 17% used [0x00000000e0000000,0x00000000e1b2f260,0x00000000e9980000)
  from space 20992K, 0% used [0x00000000e9980000,0x00000000e9980000,0x00000000eae00000)
  to   space 15872K, 0% used [0x00000000eae00000,0x00000000eae00000,0x00000000ebd80000)
 ParOldGen       total 135680K, used 35810K [0x00000000a0000000, 0x00000000a8480000, 0x00000000e0000000)
  object space 135680K, 26% used [0x00000000a0000000,0x00000000a22f8888,0x00000000a8480000)
 Metaspace       used 59828K, capacity 61438K, committed 61720K, reserved 1103872K
  class space    used 7830K, capacity 8197K, committed 8216K, reserved 1048576K

Card table byte_map: [0x0000000011550000,0x0000000011860000] byte_map_base: 0x0000000011050000

Marking Bits: (ParMarkBitMap*) 0x0000000068059d00
 Begin Bits: [0x0000000011e60000, 0x0000000013660000)
 End Bits:   [0x0000000013660000, 0x0000000014e60000)

Polling page: 0x0000000000230000

CodeCache: size=245760Kb used=26964Kb max_used=27685Kb free=218795Kb
 bounds [0x0000000002190000, 0x0000000003cc0000, 0x0000000011190000]
 total_blobs=8911 nmethods=8170 adapters=653
 compilation: enabled

Compilation events (10 events):
Event: 30.041 Thread 0x0000000015b01800 nmethod 9608 0x0000000002e8da90 code [0x0000000002e8dc40, 0x0000000002e8e378]
Event: 30.041 Thread 0x0000000015b01800 9609       1       com.android.dx.rop.cst.CstNat::getName (5 bytes)
Event: 30.041 Thread 0x0000000015b01800 nmethod 9609 0x00000000037d43d0 code [0x00000000037d4520, 0x00000000037d4630]
Event: 30.041 Thread 0x0000000015b01800 9610       1       com.android.dx.cf.attrib.BaseAttribute::getName (5 bytes)
Event: 30.041 Thread 0x0000000015b01800 nmethod 9610 0x00000000037e50d0 code [0x00000000037e5220, 0x00000000037e5330]
Event: 30.041 Thread 0x0000000015b01800 9611       3       com.android.dx.rop.cst.Constant::compareTo (9 bytes)
Event: 30.042 Thread 0x0000000015b01800 nmethod 9611 0x00000000037af410 code [0x00000000037af5e0, 0x00000000037afef8]
Event: 30.042 Thread 0x0000000015b01800 9612       3       com.android.dx.rop.cst.CstType::compareTo0 (25 bytes)
Event: 30.042 Thread 0x0000000015b01800 nmethod 9612 0x00000000037597d0 code [0x0000000003759940, 0x0000000003759d88]
Event: 30.042 Thread 0x0000000015b01800 9613       3       com.android.dx.rop.cst.CstFieldRef::compareTo0 (43 bytes)

GC Heap History (10 events):
Event: 9.784 GC heap before
{Heap before GC invocations=10 (full 2):
 PSYoungGen      total 111104K, used 98816K [0x00000000e0000000, 0x00000000ea100000, 0x0000000100000000)
  eden space 98816K, 100% used [0x00000000e0000000,0x00000000e6080000,0x00000000e6080000)
  from space 12288K, 0% used [0x00000000e6080000,0x00000000e6080000,0x00000000e6c80000)
  to   space 11776K, 0% used [0x00000000e9580000,0x00000000e9580000,0x00000000ea100000)
 ParOldGen       total 135680K, used 15353K [0x00000000a0000000, 0x00000000a8480000, 0x00000000e0000000)
  object space 135680K, 11% used [0x00000000a0000000,0x00000000a0efe638,0x00000000a8480000)
 Metaspace       used 41243K, capacity 42062K, committed 42416K, reserved 1085440K
  class space    used 5506K, capacity 5701K, committed 5808K, reserved 1048576K
Event: 9.794 GC heap after
Heap after GC invocations=10 (full 2):
 PSYoungGen      total 144896K, used 8783K [0x00000000e0000000, 0x00000000e9e80000, 0x0000000100000000)
  eden space 135680K, 0% used [0x00000000e0000000,0x00000000e0000000,0x00000000e8480000)
  from space 9216K, 95% used [0x00000000e9580000,0x00000000e9e13fb0,0x00000000e9e80000)
  to   space 11776K, 0% used [0x00000000e8780000,0x00000000e8780000,0x00000000e9300000)
 ParOldGen       total 135680K, used 15361K [0x00000000a0000000, 0x00000000a8480000, 0x00000000e0000000)
  object space 135680K, 11% used [0x00000000a0000000,0x00000000a0f00638,0x00000000a8480000)
 Metaspace       used 41243K, capacity 42062K, committed 42416K, reserved 1085440K
  class space    used 5506K, capacity 5701K, committed 5808K, reserved 1048576K
}
Event: 15.750 GC heap before
{Heap before GC invocations=11 (full 2):
 PSYoungGen      total 144896K, used 144463K [0x00000000e0000000, 0x00000000e9e80000, 0x0000000100000000)
  eden space 135680K, 100% used [0x00000000e0000000,0x00000000e8480000,0x00000000e8480000)
  from space 9216K, 95% used [0x00000000e9580000,0x00000000e9e13fb0,0x00000000e9e80000)
  to   space 11776K, 0% used [0x00000000e8780000,0x00000000e8780000,0x00000000e9300000)
 ParOldGen       total 135680K, used 15361K [0x00000000a0000000, 0x00000000a8480000, 0x00000000e0000000)
  object space 135680K, 11% used [0x00000000a0000000,0x00000000a0f00638,0x00000000a8480000)
 Metaspace       used 48956K, capacity 50244K, committed 50352K, reserved 1093632K
  class space    used 6567K, capacity 6820K, committed 6832K, reserved 1048576K
Event: 15.771 GC heap after
Heap after GC invocations=11 (full 2):
 PSYoungGen      total 150528K, used 11760K [0x00000000e0000000, 0x00000000ebd80000, 0x0000000100000000)
  eden space 138752K, 0% used [0x00000000e0000000,0x00000000e0000000,0x00000000e8780000)
  from space 11776K, 99% used [0x00000000e8780000,0x00000000e92fc208,0x00000000e9300000)
  to   space 15872K, 0% used [0x00000000eae00000,0x00000000eae00000,0x00000000ebd80000)
 ParOldGen       total 135680K, used 22923K [0x00000000a0000000, 0x00000000a8480000, 0x00000000e0000000)
  object space 135680K, 16% used [0x00000000a0000000,0x00000000a1662e90,0x00000000a8480000)
 Metaspace       used 48956K, capacity 50244K, committed 50352K, reserved 1093632K
  class space    used 6567K, capacity 6820K, committed 6832K, reserved 1048576K
}
Event: 25.670 GC heap before
{Heap before GC invocations=12 (full 2):
 PSYoungGen      total 150528K, used 150512K [0x00000000e0000000, 0x00000000ebd80000, 0x0000000100000000)
  eden space 138752K, 100% used [0x00000000e0000000,0x00000000e8780000,0x00000000e8780000)
  from space 11776K, 99% used [0x00000000e8780000,0x00000000e92fc208,0x00000000e9300000)
  to   space 15872K, 0% used [0x00000000eae00000,0x00000000eae00000,0x00000000ebd80000)
 ParOldGen       total 135680K, used 22923K [0x00000000a0000000, 0x00000000a8480000, 0x00000000e0000000)
  object space 135680K, 16% used [0x00000000a0000000,0x00000000a1662e90,0x00000000a8480000)
 Metaspace       used 55030K, capacity 56428K, committed 56624K, reserved 1097728K
  class space    used 7299K, capacity 7614K, committed 7728K, reserved 1048576K
Event: 25.724 GC heap after
Heap after GC invocations=12 (full 2):
 PSYoungGen      total 173056K, used 15845K [0x00000000e0000000, 0x00000000ec880000, 0x0000000100000000)
  eden space 157184K, 0% used [0x00000000e0000000,0x00000000e0000000,0x00000000e9980000)
  from space 15872K, 99% used [0x00000000eae00000,0x00000000ebd797a8,0x00000000ebd80000)
  to   space 20992K, 0% used [0x00000000e9980000,0x00000000e9980000,0x00000000eae00000)
 ParOldGen       total 135680K, used 32607K [0x00000000a0000000, 0x00000000a8480000, 0x00000000e0000000)
  object space 135680K, 24% used [0x00000000a0000000,0x00000000a1fd7ef8,0x00000000a8480000)
 Metaspace       used 55030K, capacity 56428K, committed 56624K, reserved 1097728K
  class space    used 7299K, capacity 7614K, committed 7728K, reserved 1048576K
}
Event: 29.008 GC heap before
{Heap before GC invocations=13 (full 2):
 PSYoungGen      total 173056K, used 171521K [0x00000000e0000000, 0x00000000ec880000, 0x0000000100000000)
  eden space 157184K, 99% used [0x00000000e0000000,0x00000000e9806d48,0x00000000e9980000)
  from space 15872K, 99% used [0x00000000eae00000,0x00000000ebd797a8,0x00000000ebd80000)
  to   space 20992K, 0% used [0x00000000e9980000,0x00000000e9980000,0x00000000eae00000)
 ParOldGen       total 135680K, used 32607K [0x00000000a0000000, 0x00000000a8480000, 0x00000000e0000000)
  object space 135680K, 24% used [0x00000000a0000000,0x00000000a1fd7ef8,0x00000000a8480000)
 Metaspace       used 57534K, capacity 59064K, committed 59160K, reserved 1099776K
  class space    used 7569K, capacity 7926K, committed 7960K, reserved 1048576K
Event: 29.033 GC heap after
Heap after GC invocations=13 (full 2):
 PSYoungGen      total 178176K, used 20974K [0x00000000e0000000, 0x00000000ec880000, 0x0000000100000000)
  eden space 157184K, 0% used [0x00000000e0000000,0x00000000e0000000,0x00000000e9980000)
  from space 20992K, 99% used [0x00000000e9980000,0x00000000eadfba18,0x00000000eae00000)
  to   space 15872K, 0% used [0x00000000eae00000,0x00000000eae00000,0x00000000ebd80000)
 ParOldGen       total 135680K, used 33302K [0x00000000a0000000, 0x00000000a8480000, 0x00000000e0000000)
  object space 135680K, 24% used [0x00000000a0000000,0x00000000a2085b68,0x00000000a8480000)
 Metaspace       used 57534K, capacity 59064K, committed 59160K, reserved 1099776K
  class space    used 7569K, capacity 7926K, committed 7960K, reserved 1048576K
}
Event: 29.033 GC heap before
{Heap before GC invocations=14 (full 3):
 PSYoungGen      total 178176K, used 20974K [0x00000000e0000000, 0x00000000ec880000, 0x0000000100000000)
  eden space 157184K, 0% used [0x00000000e0000000,0x00000000e0000000,0x00000000e9980000)
  from space 20992K, 99% used [0x00000000e9980000,0x00000000eadfba18,0x00000000eae00000)
  to   space 15872K, 0% used [0x00000000eae00000,0x00000000eae00000,0x00000000ebd80000)
 ParOldGen       total 135680K, used 33302K [0x00000000a0000000, 0x00000000a8480000, 0x00000000e0000000)
  object space 135680K, 24% used [0x00000000a0000000,0x00000000a2085b68,0x00000000a8480000)
 Metaspace       used 57534K, capacity 59064K, committed 59160K, reserved 1099776K
  class space    used 7569K, capacity 7926K, committed 7960K, reserved 1048576K
Event: 29.364 GC heap after
Heap after GC invocations=14 (full 3):
 PSYoungGen      total 178176K, used 0K [0x00000000e0000000, 0x00000000ec880000, 0x0000000100000000)
  eden space 157184K, 0% used [0x00000000e0000000,0x00000000e0000000,0x00000000e9980000)
  from space 20992K, 0% used [0x00000000e9980000,0x00000000e9980000,0x00000000eae00000)
  to   space 15872K, 0% used [0x00000000eae00000,0x00000000eae00000,0x00000000ebd80000)
 ParOldGen       total 135680K, used 35810K [0x00000000a0000000, 0x00000000a8480000, 0x00000000e0000000)
  object space 135680K, 26% used [0x00000000a0000000,0x00000000a22f8888,0x00000000a8480000)
 Metaspace       used 57532K, capacity 59058K, committed 59160K, reserved 1099776K
  class space    used 7569K, capacity 7925K, committed 7960K, reserved 1048576K
}

Deoptimization events (10 events):
Event: 29.492 Thread 0x00000000188b2000 Uncommon trap: reason=class_check action=maybe_recompile pc=0x00000000029186c8 method=java.net.URLClassLoader.defineClass(Ljava/lang/String;Lsun/misc/Resource;)Ljava/lang/Class; @ 34
Event: 29.495 Thread 0x00000000188b2000 Uncommon trap: reason=class_check action=maybe_recompile pc=0x00000000029186c8 method=java.net.URLClassLoader.defineClass(Ljava/lang/String;Lsun/misc/Resource;)Ljava/lang/Class; @ 34
Event: 29.498 Thread 0x00000000188b2000 Uncommon trap: reason=null_assert action=make_not_entrant pc=0x000000000300c4ac method=java.util.zip.ZipEntry.setExtra0([BZ)V @ 269
Event: 29.499 Thread 0x00000000188b2000 Uncommon trap: reason=null_assert action=make_not_entrant pc=0x00000000031936a8 method=java.util.zip.ZipEntry.<init>(Ljava/util/zip/ZipEntry;)V @ 70
Event: 29.500 Thread 0x00000000188b2000 Uncommon trap: reason=class_check action=maybe_recompile pc=0x00000000029186c8 method=java.net.URLClassLoader.defineClass(Ljava/lang/String;Lsun/misc/Resource;)Ljava/lang/Class; @ 34
Event: 29.501 Thread 0x00000000188b2000 Uncommon trap: reason=null_assert action=make_not_entrant pc=0x00000000023f3b7c method=java.util.zip.ZipEntry.<init>(Ljava/util/zip/ZipEntry;)V @ 70
Event: 29.694 Thread 0x00000000188b2000 Uncommon trap: reason=unstable_if action=reinterpret pc=0x0000000003c56430 method=org.objectweb.asm.Item.a(Lorg/objectweb/asm/Item;)Z @ 186
Event: 29.771 Thread 0x00000000188b2000 Uncommon trap: reason=unstable_if action=reinterpret pc=0x00000000023da7f0 method=java.io.WinNTFileSystem.resolve(Ljava/lang/String;Ljava/lang/String;)Ljava/lang/String; @ 36
Event: 29.853 Thread 0x00000000190d1000 Uncommon trap: reason=unstable_if action=reinterpret pc=0x00000000036febfc method=java.lang.String.lastIndexOf([CII[CIII)I @ 118
Event: 29.929 Thread 0x00000000190ce800 Uncommon trap: reason=unstable_if action=reinterpret pc=0x00000000029954f4 method=java.lang.String.lastIndexOf([CII[CIII)I @ 118

Internal exceptions (10 events):
Event: 12.275 Thread 0x00000000188b2000 Exception <a 'java/lang/ClassNotFoundException': org/gradle/model/internal/core/ModelMapGroovyViewCustomizer> (0x00000000e6b027d8) thrown at [C:\src\android\AOSP-openjdk\external\jetbrains\jdk\hotspot\src\share\vm\classfile\systemDictionary.cpp, line 210]
Event: 12.276 Thread 0x00000000188b2000 Exception <a 'java/lang/ClassNotFoundException': org/gradle/model/internal/core/NodeBackedModelMapCustomizer> (0x00000000e6b26008) thrown at [C:\src\android\AOSP-openjdk\external\jetbrains\jdk\hotspot\src\share\vm\classfile\systemDictionary.cpp, line 210]
Event: 12.279 Thread 0x00000000188b2000 Exception <a 'java/lang/ClassNotFoundException': org/gradle/platform/base/BinaryContainer_ImplCustomizer> (0x00000000e6b83000) thrown at [C:\src\android\AOSP-openjdk\external\jetbrains\jdk\hotspot\src\share\vm\classfile\systemDictionary.cpp, line 210]
Event: 13.619 Thread 0x00000000188b2000 Exception <a 'java/lang/NoSuchMethodError': <clinit>> (0x00000000e708a7b8) thrown at [C:\src\android\AOSP-openjdk\external\jetbrains\jdk\hotspot\src\share\vm\prims\jni.cpp, line 1591]
Event: 13.620 Thread 0x00000000188b2000 Exception <a 'java/lang/NoSuchMethodError': <clinit>> (0x00000000e70977c0) thrown at [C:\src\android\AOSP-openjdk\external\jetbrains\jdk\hotspot\src\share\vm\prims\jni.cpp, line 1591]
Event: 13.813 Thread 0x00000000188b2000 Exception <a 'java/lang/NoSuchMethodError': <clinit>> (0x00000000e729a8f0) thrown at [C:\src\android\AOSP-openjdk\external\jetbrains\jdk\hotspot\src\share\vm\prims\jni.cpp, line 1591]
Event: 13.814 Thread 0x00000000188b2000 Exception <a 'java/lang/NoSuchMethodError': <clinit>> (0x00000000e72b3100) thrown at [C:\src\android\AOSP-openjdk\external\jetbrains\jdk\hotspot\src\share\vm\prims\jni.cpp, line 1591]
Event: 13.814 Thread 0x00000000188b2000 Exception <a 'java/lang/NoSuchMethodError': <clinit>> (0x00000000e72b4618) thrown at [C:\src\android\AOSP-openjdk\external\jetbrains\jdk\hotspot\src\share\vm\prims\jni.cpp, line 1591]
Event: 22.704 Thread 0x00000000188b2000 Implicit null exception at 0x00000000035c815d to 0x00000000035c9ba8
Event: 28.168 Thread 0x00000000188b2000 Exception <a 'java/lang/NoSuchMethodError': <clinit>> (0x00000000e8bbe648) thrown at [C:\src\android\AOSP-openjdk\external\jetbrains\jdk\hotspot\src\share\vm\prims\jni.cpp, line 1591]

Events (10 events):
Event: 30.034 loading class com/android/dx/rop/cst/CstEnumRef done
Event: 30.037 Thread 0x000000001e368000 Thread added: 0x000000001e368000
Event: 30.038 Executing VM operation: RevokeBias
Event: 30.039 Executing VM operation: RevokeBias done
Event: 30.041 loading class com/android/dx/cf/code/Ropper$ExceptionSetupLabelAllocator
Event: 30.041 loading class com/android/dx/cf/code/Ropper$ExceptionSetupLabelAllocator done
Event: 30.042 loading class com/android/dx/cf/code/Ropper$LabelAllocator
Event: 30.042 loading class com/android/dx/cf/code/Ropper$LabelAllocator done
Event: 30.042 loading class com/android/dx/rop/code/SourcePosition
Event: 30.042 loading class com/android/dx/rop/code/SourcePosition done


Dynamic libraries:
0x00007ff6ee860000 - 0x00007ff6ee891000 	D:\New folder\jre\bin\java.exe
0x00007ffb42c70000 - 0x00007ffb42e32000 	C:\Windows\SYSTEM32\ntdll.dll
0x00007ffb404c0000 - 0x00007ffb4056d000 	C:\Windows\system32\KERNEL32.DLL
0x00007ffb40150000 - 0x00007ffb4032d000 	C:\Windows\system32\KERNELBASE.dll
0x00007ffb40330000 - 0x00007ffb403d6000 	C:\Windows\system32\ADVAPI32.dll
0x00007ffb42240000 - 0x00007ffb422dd000 	C:\Windows\system32\msvcrt.dll
0x00007ffb42970000 - 0x00007ffb429cb000 	C:\Windows\system32\sechost.dll
0x00007ffb41ae0000 - 0x00007ffb41c06000 	C:\Windows\system32\RPCRT4.dll
0x00007ffb41f30000 - 0x00007ffb4207e000 	C:\Windows\system32\USER32.dll
0x00007ffb41cf0000 - 0x00007ffb41e75000 	C:\Windows\system32\GDI32.dll
0x00007ffb323a0000 - 0x00007ffb32614000 	C:\Windows\WinSxS\amd64_microsoft.windows.common-controls_6595b64144ccf1df_6.0.10240.17184_none_f41d7a705752bce6\COMCTL32.dll
0x00007ffb41aa0000 - 0x00007ffb41ad6000 	C:\Windows\system32\IMM32.DLL
0x00007ffb420e0000 - 0x00007ffb4223c000 	C:\Windows\system32\MSCTF.dll
0x00000000676e0000 - 0x00000000677b2000 	D:\New folder\jre\jre\bin\msvcr100.dll
0x00000000678a0000 - 0x00000000680d4000 	D:\New folder\jre\jre\bin\server\jvm.dll
0x00007ffb42aa0000 - 0x00007ffb42aa8000 	C:\Windows\system32\PSAPI.DLL
0x00007ffb3bb30000 - 0x00007ffb3bb53000 	C:\Windows\SYSTEM32\WINMM.dll
0x00007ffb3d340000 - 0x00007ffb3d349000 	C:\Windows\SYSTEM32\WSOCK32.dll
0x00007ffb358f0000 - 0x00007ffb358fa000 	C:\Windows\SYSTEM32\VERSION.dll
0x00007ffb41c10000 - 0x00007ffb41c79000 	C:\Windows\system32\WS2_32.dll
0x00007ffb42ab0000 - 0x00007ffb42ab8000 	C:\Windows\system32\NSI.dll
0x00007ffb3b8a0000 - 0x00007ffb3b8cc000 	C:\Windows\SYSTEM32\WINMMBASE.dll
0x00007ffb3fed0000 - 0x00007ffb3ff14000 	C:\Windows\system32\cfgmgr32.dll
0x00007ffb3df70000 - 0x00007ffb3df97000 	C:\Windows\SYSTEM32\DEVOBJ.dll
0x00007ffb3c7d0000 - 0x00007ffb3c7df000 	D:\New folder\jre\jre\bin\verify.dll
0x00007ffb35050000 - 0x00007ffb35079000 	D:\New folder\jre\jre\bin\java.dll
0x00007ffb350e0000 - 0x00007ffb350f6000 	D:\New folder\jre\jre\bin\zip.dll
0x00007ffb40570000 - 0x00007ffb41a93000 	C:\Windows\system32\SHELL32.dll
0x00007ffb3f7f0000 - 0x00007ffb3fe19000 	C:\Windows\system32\windows.storage.dll
0x00007ffb42500000 - 0x00007ffb4277c000 	C:\Windows\system32\combase.dll
0x00007ffb422e0000 - 0x00007ffb42331000 	C:\Windows\system32\shlwapi.dll
0x00007ffb3f720000 - 0x00007ffb3f72f000 	C:\Windows\system32\kernel.appcore.dll
0x00007ffb3f730000 - 0x00007ffb3f7e3000 	C:\Windows\system32\shcore.dll
0x00007ffb3f6b0000 - 0x00007ffb3f6fa000 	C:\Windows\system32\powrprof.dll
0x00007ffb3f690000 - 0x00007ffb3f6a3000 	C:\Windows\system32\profapi.dll
0x00007ffb34a40000 - 0x00007ffb34a5a000 	D:\New folder\jre\jre\bin\net.dll
0x00007ffb3ee70000 - 0x00007ffb3eecd000 	C:\Windows\system32\mswsock.dll
0x00007ffb33e20000 - 0x00007ffb33e31000 	D:\New folder\jre\jre\bin\nio.dll
0x00007ffb339a0000 - 0x00007ffb339b2000 	C:\Users\Windows 10 TIMT\.gradle\native\19\windows-amd64\native-platform.dll
0x00007ffb3eed0000 - 0x00007ffb3eee7000 	C:\Windows\SYSTEM32\CRYPTSP.dll
0x00007ffb3f5c0000 - 0x00007ffb3f5e8000 	C:\Windows\SYSTEM32\bcrypt.dll
0x00007ffb3eb20000 - 0x00007ffb3eb53000 	C:\Windows\system32\rsaenh.dll
0x00007ffb3ec10000 - 0x00007ffb3ec2f000 	C:\Windows\SYSTEM32\USERENV.dll
0x00007ffb3f450000 - 0x00007ffb3f4bb000 	C:\Windows\system32\bcryptprimitives.dll
0x00007ffb3f050000 - 0x00007ffb3f05b000 	C:\Windows\SYSTEM32\CRYPTBASE.dll
0x00007ffb3c230000 - 0x00007ffb3c268000 	C:\Windows\SYSTEM32\IPHLPAPI.DLL
0x00007ffb3c220000 - 0x00007ffb3c22b000 	C:\Windows\SYSTEM32\WINNSI.DLL
0x00007ffb3be20000 - 0x00007ffb3be36000 	C:\Windows\SYSTEM32\dhcpcsvc6.DLL
0x00007ffb3be00000 - 0x00007ffb3be1a000 	C:\Windows\SYSTEM32\dhcpcsvc.DLL
0x00007ffb3c7c0000 - 0x00007ffb3c7cd000 	D:\New folder\jre\jre\bin\management.dll

VM Arguments:
jvm_args: -Xmx1536m -Dfile.encoding=windows-1252 -Duser.country=US -Duser.language=en -Duser.variant 
java_command: org.gradle.launcher.daemon.bootstrap.GradleDaemon 2.14.1
java_class_path (initial): D:\New folder\gradle\gradle-2.14.1\lib\gradle-launcher-2.14.1.jar
Launcher Type: SUN_STANDARD

Environment Variables:
PATH=C:\Windows\system32;C:\Windows;C:\Windows\System32\Wbem;C:\Windows\System32\WindowsPowerShell\v1.0\
USERNAME=Windows 10 TIMT
OS=Windows_NT
PROCESSOR_IDENTIFIER=Intel64 Family 6 Model 61 Stepping 4, GenuineIntel



---------------  S Y S T E M  ---------------

OS: Windows 10.0 , 64 bit Build 10240 (10.0.10240.17113)

CPU:total 4 (2 cores per cpu, 2 threads per core) family 6 model 61 stepping 4, cmov, cx8, fxsr, mmx, sse, sse2, sse3, ssse3, sse4.1, sse4.2, popcnt, avx, avx2, aes, clmul, erms, 3dnowpref, lzcnt, ht, tsc, tscinvbit, bmi1, bmi2, adx

Memory: 4k page, physical 12480612k(874384k free), swap 12480612k(5460k free)

vm_info: OpenJDK 64-Bit Server VM (25.76-b03) for windows-amd64 JRE (1.8.0_76-release-b03), built on Jun 29 2016 19:09:20 by "ralucas" with MS VC++ 10.0 (VS2010)

time: Fri Dec 23 13:40:59 2016
elapsed time: 30 seconds (0d 0h 0m 30s)

